2025-03-27 15:56:16,177 - INFO - Starting Sentiment Analysis Pipeline...
2025-03-27 15:56:16,177 - INFO - Loading raw data...
2025-03-27 15:56:16,177 - INFO - Opening Excel Files...
2025-03-27 15:56:31,179 - INFO - Data successfully written to raw_tweets table.
2025-03-27 15:56:31,191 - INFO - Preprocessing data...
2025-03-27 15:57:50,229 - INFO - Training the model...
2025-03-27 16:04:39,999 - INFO - Starting Sentiment Analysis Pipeline...
2025-03-27 16:04:39,999 - INFO - Loading raw data...
2025-03-27 16:04:39,999 - INFO - Opening Excel Files...
2025-03-27 16:04:53,598 - INFO - Data successfully written to raw_tweets table.
2025-03-27 16:04:53,609 - INFO - Preprocessing data...
2025-03-27 16:06:14,791 - INFO - Training the model...
2025-04-01 12:55:06,825 - INFO - Starting Sentiment Analysis Pipeline...
2025-04-01 12:55:06,828 - INFO - Loading raw data...
2025-04-01 12:55:06,828 - INFO - Opening Excel Files...
2025-04-01 12:55:20,965 - INFO - Data successfully written to raw_tweets table.
2025-04-01 12:55:20,976 - INFO - Preprocessing data...
2025-04-01 12:56:38,834 - INFO - Training the model...
2025-04-01 13:29:58,184 - INFO - Starting Sentiment Analysis Pipeline...
2025-04-01 13:29:58,184 - INFO - Loading raw data...
2025-04-01 13:29:58,184 - INFO - Opening Excel Files...
2025-04-01 13:30:11,058 - INFO - Data successfully written to raw_tweets table.
2025-04-01 13:30:11,070 - INFO - Preprocessing data...
2025-04-01 13:31:49,883 - INFO - Training the model...
2025-04-01 13:51:33,361 - INFO - Starting Sentiment Analysis Pipeline...
2025-04-01 13:51:33,363 - INFO - Loading raw data...
2025-04-01 13:51:33,363 - INFO - Opening Excel Files...
2025-04-01 13:51:46,801 - INFO - Data successfully written to raw_tweets table.
2025-04-01 13:51:46,815 - INFO - Preprocessing data...
2025-04-01 13:53:35,337 - INFO - Training the model...
2025-04-01 13:58:21,284 - INFO - Starting Sentiment Analysis Pipeline...
2025-04-01 13:58:21,284 - INFO - Loading raw data...
2025-04-01 13:58:21,284 - INFO - Opening Excel Files...
2025-04-01 13:58:37,710 - INFO - Data successfully written to raw_tweets table.
2025-04-01 13:58:37,733 - INFO - Preprocessing data...
2025-04-01 14:00:16,525 - INFO - Training the model...
2025-04-01 14:04:29,207 - INFO - Starting Sentiment Analysis Pipeline...
2025-04-01 14:04:29,207 - INFO - Loading raw data...
2025-04-01 14:04:29,207 - INFO - Opening Excel Files...
2025-04-01 14:04:46,149 - INFO - Data successfully written to raw_tweets table.
2025-04-01 14:04:46,174 - INFO - Preprocessing data...
2025-04-01 14:06:13,602 - INFO - Starting Sentiment Analysis Pipeline...
2025-04-01 14:06:13,602 - INFO - Loading raw data...
2025-04-01 14:06:13,603 - INFO - Opening Excel Files...
2025-04-01 14:06:25,724 - INFO - Data successfully written to raw_tweets table.
2025-04-01 14:06:25,735 - INFO - Preprocessing data...
2025-04-01 14:07:39,323 - INFO - Training the model...
2025-04-01 14:17:25,126 - INFO - Starting Sentiment Analysis Pipeline...
2025-04-01 14:17:25,129 - INFO - Loading raw data...
2025-04-01 14:17:25,129 - INFO - Opening Excel Files...
2025-04-01 14:17:37,475 - INFO - Data successfully written to raw_tweets table.
2025-04-01 14:17:37,486 - INFO - Preprocessing data...
2025-04-01 14:18:51,281 - INFO - Training the model...
